SF:lib/page/spinner.dart
DA:10,1
DA:17,1
DA:19,1
DA:20,1
DA:21,1
DA:22,1
DA:23,1
DA:24,1
DA:25,1
DA:30,1
DA:31,1
DA:32,1
DA:33,1
DA:34,1
DA:35,1
DA:36,1
DA:48,1
DA:50,1
DA:52,1
DA:53,2
DA:54,2
DA:55,1
DA:57,1
DA:58,2
DA:61,1
LF:25
LH:25
end_of_record
SF:lib/platform/config.dart
DA:10,23
DA:13,19
DA:14,38
DA:15,28
DA:17,10
DA:21,1
DA:22,1
LF:7
LH:7
end_of_record
SF:lib/platform/styles.dart
DA:33,3
DA:34,3
DA:36,4
DA:39,10
DA:40,10
DA:41,18
DA:42,18
DA:43,0
DA:45,10
DA:49,10
DA:56,4
DA:60,4
DA:61,3
DA:62,12
DA:63,0
DA:65,4
DA:69,4
DA:76,2
DA:77,2
DA:78,2
DA:80,6
DA:82,6
DA:84,8
DA:88,2
DA:89,2
LF:25
LH:23
end_of_record
SF:lib/page/navigation/top.dart
DA:15,3
DA:24,3
DA:26,9
DA:27,3
DA:28,3
DA:30,6
DA:31,3
DA:32,9
DA:33,2
DA:34,2
DA:37,2
DA:40,8
DA:44,3
DA:47,2
DA:48,4
DA:49,2
DA:50,2
DA:51,2
DA:53,8
DA:58,2
DA:61,3
LF:21
LH:21
end_of_record
SF:lib/page/navigation/item.dart
DA:15,4
DA:26,2
DA:27,2
DA:28,4
DA:31,1
DA:32,2
DA:33,1
DA:34,3
DA:35,3
DA:40,4
DA:43,13
DA:44,3
DA:46,3
DA:47,1
DA:48,3
DA:49,4
DA:51,14
DA:53,3
DA:54,2
DA:56,8
DA:58,9
DA:59,3
DA:61,6
DA:67,4
DA:68,3
DA:70,4
DA:73,3
DA:74,3
DA:77,4
LF:29
LH:29
end_of_record
SF:lib/l10n/app_localizations.dart
DA:65,5
DA:66,10
DA:70,4
DA:71,4
DA:188,2
DA:190,1
DA:192,1
DA:193,1
DA:197,1
DA:199,3
DA:201,1
DA:205,1
DA:207,1
DA:208,1
DA:209,1
DA:210,1
DA:211,1
DA:214,2
LF:18
LH:18
end_of_record
SF:lib/l10n/app_localizations_de.dart
DA:9,2
DA:11,1
DA:14,1
DA:17,1
DA:20,1
DA:23,1
DA:26,1
DA:29,1
DA:32,1
DA:35,1
DA:40,1
DA:43,1
DA:46,1
DA:48,1
DA:51,1
DA:53,1
DA:56,1
DA:58,1
LF:18
LH:18
end_of_record
SF:lib/l10n/app_localizations_en.dart
DA:9,10
DA:11,2
DA:14,2
DA:17,1
DA:20,1
DA:23,1
DA:26,1
DA:29,1
DA:32,1
DA:35,1
DA:40,1
DA:43,2
DA:46,1
DA:48,1
DA:51,2
DA:53,2
DA:56,1
DA:58,1
LF:18
LH:18
end_of_record
SF:lib/page/navigation/bottom.dart
DA:12,2
DA:21,2
DA:23,2
DA:25,2
DA:26,2
DA:29,2
DA:32,2
DA:34,2
DA:37,2
DA:38,2
DA:39,2
DA:40,2
DA:42,2
DA:44,4
DA:48,2
DA:49,1
DA:50,2
DA:52,2
DA:53,1
DA:54,1
DA:56,1
DA:58,2
DA:68,2
DA:69,2
DA:84,2
DA:85,2
DA:86,2
DA:87,8
DA:88,2
DA:89,6
LF:30
LH:30
end_of_record
SF:lib/page/navigation/bottom_item.dart
DA:15,1
DA:25,2
DA:27,2
DA:28,2
DA:29,2
DA:31,2
DA:32,2
DA:33,2
DA:34,2
LF:9
LH:9
end_of_record
SF:lib/page/navigation/top_item.dart
DA:15,2
DA:25,2
DA:27,2
DA:28,2
DA:29,2
DA:31,2
DA:32,2
DA:33,2
DA:34,2
LF:9
LH:9
end_of_record
SF:lib/page/page.dart
DA:57,2
DA:72,2
DA:74,1
DA:75,1
DA:76,1
DA:77,1
DA:81,1
DA:82,2
DA:83,2
DA:87,4
DA:88,2
DA:89,2
DA:90,2
DA:91,2
DA:94,2
DA:98,1
DA:101,2
DA:102,1
DA:103,1
DA:104,1
DA:105,2
DA:108,2
DA:114,2
DA:115,2
DA:117,2
DA:121,5
DA:122,4
DA:123,1
DA:124,1
DA:125,1
DA:130,2
DA:131,1
DA:132,1
DA:133,2
DA:134,1
DA:139,2
DA:140,2
DA:142,2
DA:143,2
DA:146,2
DA:148,1
LF:41
LH:41
end_of_record
SF:lib/platform/buttons.dart
DA:8,3
DA:9,3
DA:11,1
DA:12,1
DA:14,1
DA:15,1
DA:17,1
DA:18,1
DA:20,2
DA:21,2
DA:23,1
DA:24,1
DA:26,1
DA:27,1
DA:29,1
DA:30,1
DA:32,4
DA:33,4
DA:35,8
DA:39,4
DA:40,4
DA:42,4
DA:43,4
DA:45,1
DA:46,1
DA:48,2
DA:49,2
DA:51,2
DA:52,2
LF:29
LH:29
end_of_record
SF:lib/ui/button.dart
DA:25,5
DA:36,4
DA:37,4
DA:38,4
DA:40,4
DA:45,3
DA:46,3
DA:47,3
DA:49,2
DA:54,4
DA:55,4
DA:56,4
DA:58,3
DA:63,4
DA:64,4
DA:66,4
DA:67,4
DA:68,4
DA:69,8
DA:70,12
DA:74,3
DA:75,6
DA:76,3
DA:77,3
DA:78,1
DA:79,2
DA:80,2
DA:84,3
DA:85,6
DA:86,3
DA:87,3
DA:88,1
DA:89,2
DA:94,3
DA:95,3
DA:96,3
DA:97,3
DA:98,3
DA:99,6
DA:100,3
DA:103,3
DA:104,1
DA:105,2
DA:108,3
DA:110,6
DA:111,6
DA:115,5
DA:117,5
DA:118,4
DA:119,3
DA:120,5
DA:121,1
LF:52
LH:52
end_of_record
SF:lib/ui/confirm.dart
DA:16,1
DA:25,1
DA:34,1
DA:36,1
DA:37,1
DA:40,2
DA:49,1
DA:52,2
DA:61,1
DA:64,1
DA:65,1
DA:68,1
DA:69,1
DA:72,1
DA:73,1
DA:74,2
DA:75,1
DA:77,2
DA:79,1
DA:80,1
DA:81,1
DA:82,2
DA:84,1
DA:86,1
DA:88,1
DA:89,2
DA:91,1
DA:97,1
DA:98,2
DA:99,2
DA:100,1
DA:101,1
DA:102,3
DA:103,1
DA:105,1
DA:106,3
DA:107,1
LF:37
LH:37
end_of_record
SF:lib/ui/row.dart
DA:14,7
DA:22,7
DA:24,25
DA:26,21
DA:28,7
DA:29,1
DA:32,7
DA:33,7
DA:38,6
DA:40,6
DA:41,6
DA:43,6
DA:44,6
DA:45,6
DA:48,6
LF:15
LH:15
end_of_record
SF:lib/ui/section.dart
DA:17,2
DA:24,2
DA:26,2
DA:28,2
DA:29,2
DA:30,2
DA:31,3
DA:33,1
DA:34,1
DA:37,2
DA:40,2
DA:42,1
DA:43,1
DA:44,1
DA:46,1
DA:48,1
DA:50,1
DA:52,1
DA:53,1
DA:58,2
DA:60,1
DA:74,2
DA:76,1
DA:78,1
DA:82,1
DA:85,0
LF:26
LH:25
end_of_record
SF:lib/ui/switch.dart
DA:13,2
DA:15,2
DA:17,2
DA:18,6
DA:20,3
LF:5
LH:5
end_of_record
SF:lib/ui/text_error.dart
DA:10,7
DA:17,7
DA:19,16
DA:20,7
DA:22,3
DA:23,3
DA:26,3
DA:27,3
DA:31,3
LF:9
LH:9
end_of_record
SF:lib/entity/attribute.dart
DA:25,7
DA:31,2
DA:32,7
DA:33,7
DA:36,6
DA:37,6
DA:39,7
DA:40,14
DA:42,1
DA:46,2
DA:49,2
DA:57,4
DA:60,7
DA:62,12
DA:66,4
DA:67,2
DA:72,7
DA:78,7
DA:80,5
DA:83,7
DA:84,4
DA:86,2
DA:87,2
DA:90,9
DA:91,2
DA:93,2
DA:94,2
DA:97,7
DA:100,5
LF:29
LH:29
end_of_record
SF:lib/form/date_time.dart
DA:19,2
DA:28,2
DA:29,2
DA:34,4
DA:44,2
DA:46,2
DA:47,8
DA:48,7
DA:49,6
DA:50,2
DA:51,6
DA:52,6
DA:53,2
DA:54,2
DA:58,2
DA:59,4
DA:60,2
DA:61,1
DA:62,1
DA:64,2
DA:65,1
DA:66,4
DA:67,1
DA:71,2
DA:72,3
DA:73,5
DA:74,1
DA:77,2
DA:79,4
DA:80,3
DA:81,2
DA:82,2
DA:83,2
DA:84,2
DA:85,2
DA:86,4
DA:90,2
DA:91,4
DA:92,6
DA:94,4
DA:95,8
DA:99,1
DA:100,2
DA:101,3
DA:107,2
DA:108,6
DA:109,4
DA:110,2
DA:112,2
DA:115,6
DA:116,6
DA:117,5
DA:120,2
DA:122,2
DA:123,5
DA:125,2
DA:126,2
DA:127,2
DA:129,10
DA:130,1
DA:131,0
DA:132,3
DA:133,3
DA:135,2
DA:136,4
DA:137,3
DA:139,2
DA:141,1
DA:142,2
DA:143,2
DA:145,2
DA:146,1
DA:147,1
DA:148,2
DA:149,3
DA:151,2
DA:152,2
DA:155,2
DA:156,2
DA:157,2
DA:158,2
DA:160,6
DA:162,1
DA:163,3
DA:166,2
DA:168,2
DA:169,2
DA:170,7
DA:171,4
DA:172,2
DA:175,2
DA:176,2
DA:177,2
DA:179,2
DA:180,6
DA:181,2
DA:182,2
DA:183,2
DA:186,4
DA:195,2
DA:197,2
DA:198,2
DA:201,1
DA:203,1
DA:204,3
DA:205,2
DA:206,4
DA:207,3
DA:208,3
DA:209,2
DA:210,1
DA:212,3
DA:213,1
DA:217,2
DA:219,2
DA:220,4
DA:221,2
LF:117
LH:116
end_of_record
SF:lib/ui/date_time.dart
DA:21,2
DA:33,2
DA:34,4
DA:35,6
DA:38,2
DA:39,4
DA:40,6
DA:43,2
DA:49,2
DA:51,2
DA:55,6
DA:56,2
DA:59,4
DA:65,2
DA:68,4
DA:69,4
DA:71,4
DA:72,4
DA:74,2
DA:75,2
DA:77,2
DA:79,2
DA:80,2
DA:81,2
DA:83,2
DA:85,2
DA:87,2
DA:93,2
DA:95,2
DA:104,4
DA:105,2
DA:106,2
DA:107,2
DA:108,2
DA:109,2
LF:35
LH:35
end_of_record
SF:lib/form/form.dart
DA:11,6
DA:18,6
DA:19,6
DA:32,0
DA:33,10
DA:43,5
DA:44,5
DA:45,5
DA:50,5
DA:55,5
DA:56,10
DA:57,15
DA:58,5
DA:59,5
DA:60,10
DA:66,5
DA:68,5
DA:69,10
DA:70,0
DA:71,0
DA:75,5
DA:76,5
DA:77,10
DA:79,10
DA:80,5
DA:81,5
DA:82,5
DA:85,5
DA:86,5
DA:87,15
DA:88,10
DA:89,4
DA:90,8
DA:91,4
DA:93,12
DA:94,4
DA:99,5
DA:104,5
DA:105,15
DA:106,5
DA:107,10
DA:108,5
DA:111,5
DA:116,5
DA:117,10
DA:119,15
DA:120,5
DA:121,15
DA:124,5
DA:126,5
DA:127,10
DA:129,1
DA:130,2
DA:134,10
DA:135,15
DA:136,10
DA:140,5
DA:142,5
DA:143,0
DA:147,5
DA:148,10
DA:149,10
DA:150,15
DA:151,5
DA:155,1
DA:156,3
DA:157,1
DA:161,5
DA:162,10
DA:163,1
DA:164,2
DA:165,1
DA:166,2
DA:168,1
DA:172,3
DA:174,3
DA:175,9
DA:176,3
DA:179,3
DA:181,3
DA:182,3
DA:185,1
DA:187,1
DA:188,1
DA:189,2
DA:190,1
DA:193,5
DA:195,5
DA:196,10
DA:197,10
DA:199,10
DA:202,5
DA:204,5
DA:205,25
DA:206,10
DA:208,0
DA:212,5
DA:214,10
DA:215,2
DA:216,1
DA:217,1
DA:218,2
DA:219,4
DA:222,6
DA:223,6
LF:105
LH:100
end_of_record
SF:lib/ui/diagnostics.dart
DA:9,0
DA:12,6
DA:14,2
LF:3
LH:2
end_of_record
SF:lib/utils/formatter.dart
DA:5,4
DA:6,4
DA:7,4
DA:9,8
DA:10,8
DA:11,4
DA:16,1
DA:17,1
DA:18,2
DA:20,1
DA:27,4
DA:28,4
DA:29,8
DA:30,2
DA:31,8
DA:36,1
DA:37,1
DA:38,1
DA:39,3
DA:41,1
DA:42,2
DA:43,3
DA:49,1
DA:50,1
DA:51,3
LF:25
LH:25
end_of_record
SF:lib/ui/date_time/calendar_ios.dart
DA:14,3
DA:25,3
DA:27,3
DA:31,3
DA:32,3
DA:33,3
DA:36,3
DA:37,3
DA:39,3
DA:40,3
DA:41,1
DA:42,2
DA:43,1
DA:44,1
DA:45,1
DA:46,1
DA:47,2
DA:48,2
DA:55,3
DA:56,2
DA:58,2
DA:59,2
DA:60,0
DA:61,0
DA:62,0
DA:65,0
DA:66,0
DA:67,0
DA:74,2
DA:75,2
DA:77,2
DA:78,0
DA:79,0
DA:80,0
DA:81,0
DA:82,0
DA:83,0
DA:92,3
LF:38
LH:26
end_of_record
SF:lib/ui/date_time/hour_minute.dart
DA:9,2
DA:16,2
DA:18,4
DA:19,4
DA:21,4
DA:22,2
DA:24,6
DA:26,6
DA:27,2
DA:29,8
DA:32,10
DA:35,2
DA:37,2
DA:38,2
DA:39,2
DA:40,2
DA:41,2
DA:42,2
DA:43,2
DA:44,2
DA:45,2
DA:49,0
DA:50,0
DA:52,4
DA:55,2
DA:56,2
DA:57,2
DA:58,4
DA:62,0
DA:63,0
DA:65,4
LF:31
LH:27
end_of_record
SF:lib/ui/date_time/month_grid.dart
DA:15,3
DA:23,3
DA:25,6
DA:26,3
DA:29,3
DA:31,3
DA:33,15
DA:34,9
DA:35,3
DA:38,3
DA:39,3
DA:40,3
DA:41,3
DA:42,6
DA:47,9
DA:49,0
DA:50,0
DA:51,0
DA:57,0
DA:58,0
DA:59,0
DA:65,0
DA:66,0
DA:67,0
DA:68,0
DA:69,0
DA:70,0
DA:71,0
DA:72,0
DA:74,0
DA:75,0
DA:80,9
DA:82,3
DA:84,3
DA:85,3
DA:86,3
DA:88,3
DA:89,9
DA:90,3
DA:91,3
DA:92,3
DA:93,3
DA:100,3
DA:102,3
DA:104,3
DA:105,3
DA:106,3
DA:109,3
DA:110,3
DA:111,3
DA:113,3
DA:114,3
DA:115,3
DA:116,6
DA:118,3
DA:119,3
DA:126,3
DA:129,6
DA:131,3
DA:134,6
DA:139,3
DA:140,3
DA:141,3
DA:144,3
DA:145,3
DA:147,3
DA:148,3
DA:149,3
DA:150,3
DA:152,9
DA:153,3
DA:154,6
DA:156,3
DA:158,3
DA:159,3
DA:160,3
DA:162,3
DA:163,6
DA:164,3
DA:165,3
DA:166,3
DA:167,3
DA:180,3
DA:181,3
DA:182,3
DA:183,6
DA:184,6
DA:186,3
DA:187,6
DA:188,3
DA:190,3
DA:191,6
DA:192,6
DA:193,6
DA:194,3
DA:195,3
DA:199,3
DA:205,12
DA:206,12
DA:207,12
DA:209,3
DA:210,3
DA:212,3
DA:213,3
DA:224,3
DA:225,3
DA:226,3
LF:107
LH:91
end_of_record
SF:lib/ui/date_time/month_year.dart
DA:13,3
DA:21,3
DA:23,6
DA:24,3
DA:26,15
DA:29,6
DA:30,6
DA:31,6
DA:32,12
DA:34,9
DA:37,3
DA:39,3
DA:40,3
DA:41,3
DA:44,3
DA:45,3
DA:46,3
DA:48,3
DA:49,3
DA:50,3
DA:51,3
DA:53,3
DA:56,3
DA:57,3
DA:67,3
DA:68,3
DA:69,3
DA:70,3
DA:71,3
DA:72,3
DA:73,3
DA:74,3
DA:79,4
DA:81,12
DA:82,3
DA:85,3
DA:86,3
DA:87,3
DA:88,3
DA:93,1
DA:94,3
DA:96,15
DA:97,3
LF:43
LH:43
end_of_record
SF:lib/entity/collection.dart
DA:18,1
DA:20,1
DA:21,1
DA:23,1
DA:24,4
DA:26,1
DA:30,1
DA:31,6
DA:39,2
DA:41,4
DA:45,1
DA:46,1
DA:47,1
DA:48,1
DA:53,12
LF:15
LH:15
end_of_record
SF:lib/entity/repository.dart
DA:20,1
DA:25,1
DA:26,2
DA:27,1
DA:28,1
DA:29,2
DA:30,1
DA:34,1
DA:35,4
DA:39,3
LF:10
LH:10
end_of_record
SF:lib/entity/validator.dart
DA:10,1
DA:11,1
DA:12,1
DA:14,1
DA:16,2
DA:17,1
DA:25,1
DA:26,1
DA:27,1
DA:30,2
DA:34,1
DA:35,1
DA:44,1
DA:45,1
DA:46,1
DA:47,1
DA:50,1
DA:51,3
DA:52,2
DA:54,5
DA:55,1
DA:57,3
DA:58,1
LF:23
LH:23
end_of_record
SF:lib/form/button.dart
DA:46,2
DA:58,2
DA:59,2
DA:65,2
DA:66,4
DA:68,2
DA:69,4
DA:71,1
DA:72,1
DA:74,3
DA:77,2
DA:78,2
DA:79,1
DA:80,4
DA:81,0
DA:83,3
DA:84,3
DA:89,2
DA:90,1
DA:94,4
DA:97,4
DA:98,3
DA:100,4
DA:104,2
DA:106,2
DA:107,4
DA:111,2
DA:112,2
DA:113,2
DA:114,2
DA:115,4
LF:31
LH:30
end_of_record
SF:lib/form/button_spinner.dart
DA:9,3
DA:11,2
DA:13,2
DA:18,4
DA:21,2
DA:23,6
DA:24,2
DA:25,2
DA:26,4
DA:27,4
DA:28,4
DA:29,2
DA:30,2
DA:31,2
DA:32,2
DA:37,2
DA:39,4
DA:40,2
DA:43,2
DA:45,2
DA:47,4
DA:48,2
DA:49,2
DA:50,4
DA:51,6
DA:52,2
DA:55,4
DA:56,2
DA:57,4
LF:29
LH:29
end_of_record
SF:lib/form/button_text.dart
DA:18,0
DA:29,1
DA:30,1
DA:31,1
DA:32,1
DA:33,1
DA:35,1
DA:38,1
DA:40,1
DA:41,1
DA:42,1
DA:44,1
DA:47,1
DA:49,1
DA:52,1
DA:54,3
DA:55,1
DA:57,1
DA:58,1
DA:59,1
DA:60,1
DA:61,1
DA:62,1
LF:23
LH:22
end_of_record
SF:lib/form/drop_down.dart
DA:34,1
DA:46,1
DA:48,1
DA:60,1
DA:62,1
DA:63,3
DA:64,1
DA:65,1
DA:69,1
DA:70,2
DA:71,1
DA:72,1
DA:73,1
DA:75,1
DA:76,1
DA:77,4
DA:78,1
DA:82,1
DA:83,2
DA:84,5
DA:85,1
DA:88,1
DA:90,1
DA:91,1
DA:94,0
DA:98,0
DA:99,0
DA:100,0
DA:101,0
DA:105,1
DA:107,1
DA:108,1
DA:111,1
DA:113,1
DA:114,4
DA:115,2
DA:116,3
DA:118,1
DA:119,1
DA:121,2
DA:122,2
DA:123,2
DA:124,2
DA:126,2
DA:127,1
DA:128,2
DA:129,0
DA:133,1
DA:134,1
DA:135,4
DA:136,1
DA:139,1
DA:140,1
DA:143,0
DA:144,0
DA:145,0
DA:147,5
DA:148,1
DA:149,2
DA:150,0
DA:151,1
DA:152,2
DA:155,1
DA:157,1
DA:158,1
DA:160,3
DA:161,3
DA:163,1
DA:164,3
DA:173,1
DA:175,1
DA:176,3
DA:177,2
DA:181,1
DA:183,4
DA:204,1
DA:213,1
DA:214,2
DA:215,2
DA:218,1
DA:220,1
DA:228,1
DA:230,2
DA:231,1
DA:232,2
DA:234,1
DA:235,2
DA:236,1
DA:237,1
DA:238,1
DA:239,3
DA:240,1
DA:242,3
DA:243,0
DA:244,1
DA:245,1
DA:246,1
DA:247,1
DA:249,3
DA:259,1
DA:261,3
DA:264,1
LF:102
LH:91
end_of_record
SF:lib/form/field.dart
DA:27,2
DA:43,2
DA:44,2
DA:53,4
DA:58,2
DA:60,2
DA:61,4
DA:62,11
DA:63,6
DA:64,6
DA:65,2
DA:66,2
DA:70,2
DA:71,4
DA:72,2
DA:73,2
DA:74,2
DA:76,2
DA:77,2
DA:78,8
DA:79,2
DA:83,2
DA:84,4
DA:85,10
DA:86,2
DA:89,2
DA:91,2
DA:92,4
DA:93,4
DA:94,2
DA:97,2
DA:99,2
DA:100,2
DA:103,0
DA:105,0
DA:106,0
DA:107,0
DA:108,0
DA:112,2
DA:114,2
DA:115,8
DA:116,2
DA:117,2
DA:118,6
DA:120,10
DA:121,0
DA:122,0
DA:123,0
DA:125,2
DA:126,4
DA:128,2
DA:129,2
DA:130,1
DA:132,4
DA:133,1
DA:134,1
DA:135,2
DA:136,2
DA:139,1
DA:140,3
DA:145,4
DA:147,2
DA:148,2
DA:149,1
DA:151,3
DA:153,1
DA:154,3
DA:157,2
DA:159,2
DA:160,4
DA:161,4
DA:162,2
DA:163,4
DA:164,4
DA:165,4
DA:166,4
DA:168,1
DA:172,1
DA:173,4
DA:179,2
DA:180,2
DA:181,6
DA:182,4
LF:83
LH:75
end_of_record
SF:lib/form/switch.dart
DA:21,1
DA:32,1
DA:33,1
DA:41,1
DA:43,1
DA:44,3
DA:45,1
DA:46,1
DA:50,1
DA:51,2
DA:52,1
DA:53,1
DA:54,1
DA:56,1
DA:57,1
DA:58,4
DA:59,1
DA:63,1
DA:64,2
DA:65,5
DA:66,1
DA:69,1
DA:71,1
DA:72,1
DA:75,0
DA:77,0
DA:78,0
DA:79,0
DA:80,0
DA:84,1
DA:86,1
DA:87,1
DA:90,1
DA:92,1
DA:93,4
DA:95,1
DA:96,1
DA:97,3
DA:98,2
DA:99,2
DA:101,2
DA:102,5
DA:103,1
DA:105,3
DA:106,2
DA:108,1
DA:109,2
DA:110,0
DA:112,1
DA:113,1
DA:114,1
DA:115,2
DA:117,1
DA:118,1
DA:119,2
DA:120,1
DA:122,1
DA:123,1
DA:124,3
DA:125,2
DA:130,2
LF:61
LH:55
end_of_record
SF:lib/platform/localization.dart
DA:7,1
DA:13,1
DA:15,1
DA:19,1
DA:20,1
DA:23,3
DA:25,1
DA:26,1
DA:29,3
DA:33,1
DA:36,1
DA:37,1
LF:12
LH:12
end_of_record
SF:lib/utils/serializer.dart
DA:5,1
DA:10,1
DA:15,1
DA:16,1
DA:19,2
DA:20,1
DA:21,3
DA:23,2
LF:8
LH:8
end_of_record
SF:lib/storage/secure.dart
DA:8,1
DA:10,1
DA:15,1
DA:16,1
DA:18,1
DA:19,3
DA:21,1
DA:22,3
DA:24,1
DA:25,3
LF:10
LH:10
end_of_record
SF:lib/storage/shared.dart
DA:10,1
DA:11,1
DA:17,1
DA:18,1
DA:20,3
DA:22,1
DA:24,1
DA:25,2
DA:28,1
DA:30,1
DA:31,2
DA:34,1
DA:36,1
DA:37,2
LF:14
LH:14
end_of_record
