SF:lib/page/spinner.dart
DA:10,2
DA:17,2
DA:19,2
DA:20,2
DA:21,1
DA:22,1
DA:23,1
DA:24,1
DA:25,1
DA:30,2
DA:31,2
DA:32,2
DA:33,2
DA:34,2
DA:35,2
DA:36,2
DA:48,2
DA:50,2
DA:52,2
DA:53,4
DA:54,4
DA:55,2
DA:57,2
DA:58,4
DA:61,1
LF:25
LH:25
end_of_record
SF:lib/platform/config.dart
DA:10,22
DA:13,19
DA:14,38
DA:15,28
DA:17,10
DA:21,1
DA:22,1
LF:7
LH:7
end_of_record
SF:lib/element/date_time/month_grid.dart
DA:17,3
DA:25,3
DA:27,6
DA:28,3
DA:31,3
DA:33,3
DA:35,15
DA:36,9
DA:37,3
DA:40,3
DA:41,3
DA:42,3
DA:43,3
DA:44,6
DA:49,9
DA:51,1
DA:52,1
DA:53,1
DA:59,1
DA:60,1
DA:61,1
DA:67,1
DA:68,1
DA:69,3
DA:70,5
DA:71,2
DA:72,1
DA:73,1
DA:74,1
DA:76,2
DA:77,2
DA:82,9
DA:84,3
DA:86,3
DA:87,3
DA:88,3
DA:90,3
DA:91,9
DA:92,3
DA:93,3
DA:94,3
DA:95,3
DA:102,3
DA:104,3
DA:106,3
DA:107,3
DA:108,3
DA:111,3
DA:112,3
DA:113,3
DA:115,3
DA:116,3
DA:117,3
DA:118,6
DA:120,3
DA:121,3
DA:128,3
DA:131,6
DA:133,3
DA:136,6
DA:141,3
DA:142,3
DA:143,3
DA:146,3
DA:147,3
DA:149,3
DA:150,3
DA:151,3
DA:152,3
DA:154,9
DA:155,3
DA:156,6
DA:158,3
DA:159,3
DA:160,3
DA:166,3
DA:169,3
DA:170,3
DA:171,3
DA:172,6
DA:173,6
DA:175,3
DA:176,6
DA:177,6
DA:180,6
DA:181,6
DA:182,6
DA:185,3
DA:188,3
DA:190,3
DA:192,2
DA:194,4
DA:200,9
DA:201,3
DA:203,12
DA:204,12
DA:205,12
DA:206,3
DA:208,3
DA:210,3
DA:212,3
DA:213,0
DA:214,0
DA:216,3
LF:104
LH:102
end_of_record
SF:lib/element/date_time/week_day.dart
DA:16,1
DA:22,1
DA:24,1
DA:30,3
DA:37,1
DA:39,1
DA:40,4
DA:41,3
DA:42,3
DA:43,3
DA:46,1
DA:48,1
DA:49,3
DA:50,2
DA:51,1
DA:53,2
DA:54,2
DA:55,1
DA:56,3
DA:57,2
DA:58,2
DA:59,1
DA:60,2
DA:61,3
DA:63,0
DA:64,0
DA:65,0
DA:74,1
DA:76,2
DA:77,1
DA:80,1
DA:84,2
DA:85,1
DA:86,3
DA:88,1
DA:91,1
DA:92,1
DA:93,1
DA:96,1
DA:97,1
DA:98,2
DA:102,1
DA:103,1
DA:104,1
DA:105,1
DA:106,1
DA:107,1
DA:108,1
DA:109,2
DA:110,2
DA:112,1
DA:114,1
DA:116,1
DA:117,1
DA:119,1
DA:123,2
DA:124,1
DA:125,2
DA:126,1
DA:127,3
DA:129,1
DA:131,1
DA:135,3
DA:136,1
DA:137,2
DA:138,1
DA:139,1
DA:140,2
DA:151,1
DA:152,1
DA:153,2
DA:154,3
DA:158,2
DA:159,1
DA:160,3
DA:161,2
DA:162,2
DA:163,0
DA:164,0
DA:165,0
DA:166,0
DA:171,0
DA:172,0
DA:173,0
DA:179,3
DA:182,1
DA:183,2
DA:184,1
DA:185,1
DA:186,1
DA:187,3
DA:189,2
DA:190,1
DA:191,3
DA:196,1
DA:197,4
DA:199,4
DA:201,1
DA:202,3
DA:204,1
DA:205,1
DA:206,1
DA:207,1
DA:210,1
DA:211,1
DA:212,4
DA:213,4
DA:216,1
DA:218,1
DA:219,1
DA:220,1
DA:222,1
DA:223,3
DA:224,1
DA:225,1
DA:226,1
DA:227,1
DA:234,1
DA:235,1
DA:236,1
DA:237,1
DA:238,1
DA:240,4
LF:123
LH:113
end_of_record
SF:lib/element/refresh_list.dart
DA:12,1
DA:21,1
DA:23,3
DA:24,1
DA:25,1
DA:26,1
DA:29,2
DA:31,1
DA:33,1
DA:36,1
DA:37,1
DA:38,1
DA:39,1
DA:40,1
DA:42,1
DA:43,1
DA:44,1
DA:45,1
DA:46,1
DA:47,1
DA:48,1
DA:49,1
DA:50,2
DA:56,1
DA:57,3
DA:59,1
DA:62,1
DA:70,0
LF:28
LH:27
end_of_record
SF:lib/platform/buttons.dart
DA:8,3
DA:9,3
DA:11,1
DA:12,1
DA:14,1
DA:15,1
DA:17,1
DA:18,1
DA:20,2
DA:21,2
DA:23,1
DA:24,1
DA:26,1
DA:27,1
DA:29,1
DA:30,1
DA:32,4
DA:33,4
DA:35,8
DA:39,4
DA:40,4
DA:42,3
DA:43,3
DA:45,1
DA:46,1
DA:48,2
DA:49,2
DA:51,2
DA:52,2
LF:29
LH:29
end_of_record
SF:lib/platform/styles.dart
DA:9,7
DA:14,0
DA:15,0
DA:16,0
DA:20,10
DA:24,0
DA:31,1
DA:35,5
DA:39,0
DA:43,1
DA:51,2
DA:52,2
DA:53,2
DA:55,8
DA:56,8
DA:57,8
DA:59,0
DA:60,0
DA:61,0
DA:63,2
DA:64,2
DA:65,2
DA:70,18
DA:71,18
DA:72,9
DA:74,0
DA:75,0
DA:76,0
DA:81,10
DA:82,0
DA:83,4
DA:87,4
DA:88,4
DA:89,0
DA:93,12
DA:94,0
DA:95,9
DA:125,3
DA:126,3
DA:128,4
DA:131,2
DA:132,2
LF:42
LH:28
end_of_record
SF:lib/utils/formatter.dart
DA:5,4
DA:6,4
DA:7,4
DA:9,8
DA:10,8
DA:11,4
DA:16,1
DA:17,1
DA:18,2
DA:20,1
DA:27,4
DA:28,4
DA:29,8
DA:30,2
DA:31,8
DA:34,4
DA:35,24
DA:39,1
DA:40,1
DA:41,1
DA:42,3
DA:44,1
DA:45,2
DA:46,3
DA:52,1
DA:53,1
DA:54,3
DA:58,1
DA:59,1
DA:60,2
DA:61,2
DA:62,2
LF:32
LH:32
end_of_record
SF:lib/ui/grid_text.dart
DA:20,4
DA:33,4
DA:35,4
DA:36,16
DA:37,8
DA:39,9
DA:41,8
DA:42,4
DA:43,8
DA:44,8
DA:45,8
DA:46,4
DA:47,4
DA:48,4
DA:51,4
DA:52,3
DA:53,3
DA:54,3
DA:55,3
DA:56,3
DA:62,4
DA:63,4
DA:67,9
DA:84,4
DA:93,4
DA:95,4
DA:96,4
DA:97,4
DA:98,4
DA:99,1
DA:100,3
DA:101,3
DA:105,4
DA:106,4
DA:107,4
DA:108,4
DA:109,4
DA:110,2
DA:111,8
DA:114,4
DA:115,1
DA:116,2
DA:117,1
DA:121,4
DA:122,4
DA:123,4
DA:126,8
DA:130,1
DA:131,1
DA:132,2
DA:133,2
DA:135,1
DA:136,1
DA:137,1
DA:139,1
DA:140,1
DA:141,1
DA:142,1
DA:143,1
DA:144,1
DA:145,1
DA:146,1
DA:155,3
DA:156,3
DA:158,6
DA:160,3
DA:162,1
DA:163,2
DA:164,2
DA:165,1
DA:166,1
DA:168,2
DA:169,3
DA:170,6
DA:171,6
DA:172,3
DA:176,3
DA:179,9
DA:181,3
DA:182,3
DA:183,3
DA:184,3
DA:185,3
DA:190,3
DA:191,3
DA:192,3
DA:193,3
LF:87
LH:87
end_of_record
SF:lib/ui/row.dart
DA:16,8
DA:24,9
DA:26,27
DA:28,27
DA:30,9
DA:31,2
DA:32,9
DA:34,9
DA:35,9
DA:36,9
DA:40,6
DA:43,6
DA:44,6
DA:46,18
DA:48,6
LF:15
LH:15
end_of_record
SF:lib/entity/attribute.dart
DA:25,7
DA:31,2
DA:32,7
DA:33,7
DA:36,6
DA:37,6
DA:39,7
DA:40,14
DA:42,1
DA:46,2
DA:49,2
DA:57,4
DA:60,7
DA:62,12
DA:66,4
DA:67,2
DA:72,7
DA:78,7
DA:80,5
DA:83,7
DA:84,4
DA:86,2
DA:87,2
DA:90,9
DA:91,2
DA:93,2
DA:94,2
DA:97,7
DA:100,5
LF:29
LH:29
end_of_record
SF:lib/entity/collection.dart
DA:18,1
DA:20,1
DA:21,1
DA:23,1
DA:24,4
DA:26,1
DA:30,1
DA:31,6
DA:39,2
DA:41,4
DA:45,1
DA:46,1
DA:47,1
DA:48,1
DA:53,12
LF:15
LH:15
end_of_record
SF:lib/entity/repository.dart
DA:20,1
DA:25,1
DA:26,2
DA:27,1
DA:28,1
DA:29,2
DA:30,1
DA:34,1
DA:35,4
DA:39,3
LF:10
LH:10
end_of_record
SF:lib/entity/validator.dart
DA:10,1
DA:11,1
DA:12,1
DA:14,1
DA:16,2
DA:17,1
DA:25,1
DA:26,1
DA:27,1
DA:30,2
DA:34,1
DA:35,1
DA:44,1
DA:45,1
DA:46,1
DA:47,1
DA:50,1
DA:51,3
DA:52,2
DA:54,5
DA:55,1
DA:57,3
DA:58,1
LF:23
LH:23
end_of_record
SF:lib/l10n/app_localizations.dart
DA:65,6
DA:66,12
DA:70,5
DA:71,5
DA:194,2
DA:196,2
DA:198,2
DA:199,2
DA:203,2
DA:205,6
DA:207,1
DA:211,2
DA:213,2
DA:214,2
DA:215,2
DA:216,2
DA:217,2
DA:220,2
LF:18
LH:18
end_of_record
SF:lib/form/button.dart
DA:46,2
DA:58,2
DA:59,2
DA:65,2
DA:66,4
DA:68,2
DA:69,4
DA:71,1
DA:72,1
DA:74,3
DA:77,2
DA:78,2
DA:79,1
DA:80,4
DA:81,0
DA:83,3
DA:84,3
DA:89,2
DA:90,1
DA:94,4
DA:97,4
DA:98,3
DA:100,4
DA:104,2
DA:106,2
DA:107,4
DA:111,2
DA:112,2
DA:113,2
DA:114,2
DA:115,4
LF:31
LH:30
end_of_record
SF:lib/form/button_spinner.dart
DA:9,2
DA:11,2
DA:13,2
DA:18,4
DA:21,2
DA:23,6
DA:24,2
DA:25,2
DA:26,4
DA:27,4
DA:28,4
DA:29,2
DA:30,2
DA:31,2
DA:32,2
DA:37,2
DA:39,4
DA:40,2
DA:43,2
DA:45,2
DA:47,4
DA:48,2
DA:49,2
DA:50,4
DA:51,6
DA:52,2
DA:55,4
DA:56,2
DA:57,4
LF:29
LH:29
end_of_record
SF:lib/form/button_text.dart
DA:18,0
DA:29,1
DA:30,1
DA:31,1
DA:32,1
DA:33,1
DA:35,1
DA:38,1
DA:40,1
DA:41,1
DA:42,1
DA:44,1
DA:47,1
DA:49,1
DA:52,1
DA:54,3
DA:55,1
DA:57,1
DA:58,1
DA:59,1
DA:60,1
DA:61,1
DA:62,1
LF:23
LH:22
end_of_record
SF:lib/form/date_time.dart
DA:20,2
DA:30,2
DA:31,2
DA:36,4
DA:46,2
DA:48,2
DA:49,8
DA:50,7
DA:51,6
DA:52,2
DA:53,6
DA:54,6
DA:55,2
DA:56,2
DA:60,2
DA:61,4
DA:62,2
DA:63,1
DA:64,1
DA:66,2
DA:67,1
DA:68,4
DA:69,1
DA:73,2
DA:74,3
DA:75,5
DA:76,1
DA:79,2
DA:80,6
DA:81,4
DA:82,3
DA:83,2
DA:84,2
DA:85,2
DA:86,2
DA:87,2
DA:88,4
DA:92,2
DA:93,4
DA:94,6
DA:96,4
DA:97,8
DA:101,0
DA:102,0
DA:103,0
DA:109,2
DA:110,6
DA:111,4
DA:112,2
DA:114,2
DA:117,6
DA:118,6
DA:119,5
DA:122,2
DA:124,2
DA:125,5
DA:127,2
DA:128,2
DA:129,2
DA:131,10
DA:132,1
DA:133,0
DA:134,3
DA:135,3
DA:137,2
DA:138,4
DA:139,3
DA:141,2
DA:143,1
DA:144,2
DA:145,2
DA:147,2
DA:148,0
DA:149,0
DA:150,0
DA:151,0
DA:153,0
DA:154,0
DA:157,2
DA:158,2
DA:159,2
DA:160,2
DA:162,6
DA:164,1
DA:165,3
DA:168,2
DA:170,2
DA:171,2
DA:172,7
DA:173,4
DA:174,2
DA:177,4
DA:178,2
DA:179,2
DA:180,2
DA:182,2
DA:183,6
DA:184,2
DA:185,2
DA:186,2
DA:189,4
DA:198,2
DA:200,2
DA:201,2
DA:204,1
DA:206,1
DA:207,3
DA:208,2
DA:209,4
DA:210,3
DA:211,3
DA:212,2
DA:213,1
DA:215,3
DA:216,1
DA:220,2
DA:222,2
DA:223,4
DA:224,2
LF:119
LH:109
end_of_record
SF:lib/form/drop_down.dart
DA:34,1
DA:46,1
DA:48,1
DA:60,1
DA:62,1
DA:63,3
DA:64,1
DA:65,1
DA:69,1
DA:70,2
DA:71,1
DA:72,1
DA:73,1
DA:75,1
DA:76,1
DA:77,4
DA:78,1
DA:82,1
DA:83,2
DA:84,5
DA:85,1
DA:88,1
DA:90,1
DA:91,1
DA:94,0
DA:98,0
DA:99,0
DA:100,0
DA:101,0
DA:105,1
DA:107,1
DA:108,1
DA:111,1
DA:113,1
DA:114,4
DA:115,2
DA:116,3
DA:118,1
DA:119,1
DA:121,2
DA:122,2
DA:123,2
DA:124,2
DA:126,2
DA:127,1
DA:128,2
DA:129,0
DA:133,1
DA:134,1
DA:135,4
DA:136,1
DA:139,1
DA:140,1
DA:143,0
DA:144,0
DA:145,0
DA:147,5
DA:148,1
DA:149,2
DA:150,0
DA:151,1
DA:152,2
DA:155,1
DA:157,1
DA:158,1
DA:160,3
DA:161,3
DA:163,1
DA:164,3
DA:173,1
DA:175,1
DA:176,3
DA:177,2
DA:181,1
DA:183,4
DA:204,1
DA:213,1
DA:214,2
DA:215,2
DA:218,1
DA:220,1
DA:228,1
DA:230,2
DA:231,1
DA:232,2
DA:234,1
DA:235,2
DA:236,1
DA:237,1
DA:238,1
DA:239,3
DA:240,1
DA:242,3
DA:243,0
DA:244,1
DA:245,1
DA:246,1
DA:247,1
DA:249,3
DA:259,1
DA:261,3
DA:264,1
LF:102
LH:91
end_of_record
SF:lib/form/form.dart
DA:11,6
DA:18,6
DA:19,6
DA:32,0
DA:33,10
DA:43,5
DA:44,5
DA:45,5
DA:50,5
DA:55,5
DA:56,10
DA:57,15
DA:58,5
DA:59,5
DA:60,10
DA:66,5
DA:68,5
DA:69,10
DA:70,0
DA:71,0
DA:75,5
DA:76,5
DA:77,10
DA:79,10
DA:80,5
DA:81,5
DA:82,5
DA:85,5
DA:86,5
DA:87,15
DA:88,10
DA:89,4
DA:90,8
DA:91,4
DA:93,12
DA:94,4
DA:99,5
DA:104,5
DA:105,15
DA:106,5
DA:107,10
DA:108,5
DA:111,5
DA:116,5
DA:117,10
DA:119,15
DA:120,5
DA:121,15
DA:124,5
DA:126,5
DA:127,10
DA:129,1
DA:130,2
DA:134,10
DA:135,15
DA:136,10
DA:140,5
DA:142,5
DA:143,0
DA:147,5
DA:148,10
DA:149,10
DA:150,15
DA:151,5
DA:155,1
DA:156,3
DA:157,1
DA:161,5
DA:162,10
DA:163,1
DA:164,2
DA:165,1
DA:166,2
DA:168,1
DA:172,3
DA:174,3
DA:175,9
DA:176,3
DA:179,3
DA:181,3
DA:182,3
DA:185,1
DA:187,1
DA:188,1
DA:189,2
DA:190,1
DA:193,5
DA:195,5
DA:196,10
DA:197,10
DA:199,10
DA:202,5
DA:204,5
DA:205,25
DA:206,10
DA:208,0
DA:212,5
DA:214,10
DA:215,2
DA:216,1
DA:217,1
DA:218,2
DA:219,4
DA:222,6
DA:223,6
LF:105
LH:100
end_of_record
SF:lib/form/list.dart
DA:47,2
DA:68,2
DA:105,2
DA:125,2
DA:129,4
DA:130,1
DA:132,2
DA:133,1
DA:135,4
DA:136,2
DA:138,2
DA:139,1
DA:140,1
DA:141,1
DA:142,1
DA:145,4
DA:146,2
DA:147,2
DA:149,1
DA:150,2
DA:152,1
DA:153,4
DA:156,2
DA:157,2
DA:158,2
DA:159,2
DA:162,4
DA:163,8
DA:165,2
DA:166,2
DA:168,2
DA:172,2
DA:176,1
DA:177,1
DA:179,1
DA:180,1
DA:182,1
DA:184,1
DA:187,1
DA:189,1
DA:199,2
DA:200,5
DA:201,4
DA:202,2
DA:203,6
DA:205,4
DA:209,1
DA:211,2
DA:216,1
DA:217,2
DA:218,1
DA:219,2
DA:223,2
DA:228,2
DA:233,4
DA:234,4
DA:235,4
DA:239,2
DA:240,2
DA:242,2
DA:244,2
DA:249,4
DA:252,2
DA:257,2
DA:258,2
DA:260,1
DA:262,2
DA:265,1
DA:266,1
DA:270,0
DA:271,0
DA:272,0
DA:273,0
DA:274,0
DA:275,0
DA:278,0
DA:281,0
DA:284,2
DA:286,4
DA:288,2
DA:296,1
DA:300,0
DA:303,2
DA:304,2
DA:308,2
LF:85
LH:76
end_of_record
SF:lib/form/field.dart
DA:27,2
DA:43,2
DA:44,2
DA:53,4
DA:58,2
DA:60,2
DA:61,4
DA:62,11
DA:63,6
DA:64,6
DA:65,2
DA:66,2
DA:70,2
DA:71,4
DA:72,2
DA:73,2
DA:74,2
DA:76,2
DA:77,2
DA:78,8
DA:79,2
DA:83,2
DA:84,4
DA:85,10
DA:86,2
DA:89,2
DA:91,2
DA:92,4
DA:93,4
DA:94,2
DA:97,2
DA:99,2
DA:100,2
DA:103,0
DA:105,0
DA:106,0
DA:107,0
DA:108,0
DA:112,2
DA:114,2
DA:115,8
DA:116,2
DA:117,2
DA:118,6
DA:120,10
DA:121,0
DA:122,0
DA:123,0
DA:125,2
DA:126,4
DA:128,2
DA:129,2
DA:130,1
DA:132,4
DA:133,1
DA:134,1
DA:135,2
DA:136,2
DA:139,1
DA:140,3
DA:145,4
DA:147,2
DA:148,2
DA:149,1
DA:151,3
DA:153,1
DA:154,3
DA:157,2
DA:159,2
DA:160,4
DA:161,4
DA:162,2
DA:163,4
DA:164,4
DA:165,4
DA:166,4
DA:168,1
DA:172,1
DA:173,4
DA:179,2
DA:180,2
DA:181,6
DA:182,4
LF:83
LH:75
end_of_record
SF:lib/form/switch.dart
DA:21,1
DA:32,1
DA:33,1
DA:41,1
DA:43,1
DA:44,3
DA:45,1
DA:46,1
DA:50,1
DA:51,2
DA:52,1
DA:53,1
DA:54,1
DA:56,1
DA:57,1
DA:58,4
DA:59,1
DA:63,1
DA:64,2
DA:65,5
DA:66,1
DA:69,1
DA:71,1
DA:72,1
DA:75,0
DA:77,0
DA:78,0
DA:79,0
DA:80,0
DA:84,1
DA:86,1
DA:87,1
DA:90,1
DA:92,1
DA:93,4
DA:95,1
DA:96,1
DA:97,3
DA:98,2
DA:99,2
DA:101,2
DA:102,5
DA:103,1
DA:105,3
DA:106,2
DA:108,1
DA:109,2
DA:110,0
DA:112,1
DA:113,1
DA:114,1
DA:115,2
DA:117,1
DA:118,1
DA:119,2
DA:120,1
DA:122,1
DA:123,1
DA:124,3
DA:125,2
DA:130,2
LF:61
LH:55
end_of_record
SF:lib/ui/button.dart
DA:25,5
DA:36,4
DA:37,4
DA:38,4
DA:40,4
DA:45,3
DA:46,3
DA:47,3
DA:49,2
DA:54,4
DA:55,4
DA:56,4
DA:58,3
DA:63,4
DA:64,4
DA:66,4
DA:67,4
DA:68,4
DA:69,8
DA:70,12
DA:74,3
DA:75,6
DA:76,3
DA:77,3
DA:78,1
DA:79,2
DA:80,2
DA:84,3
DA:85,6
DA:86,3
DA:87,3
DA:88,1
DA:89,2
DA:94,3
DA:95,3
DA:96,3
DA:97,3
DA:98,3
DA:99,6
DA:100,3
DA:103,3
DA:104,1
DA:105,2
DA:108,3
DA:110,6
DA:111,6
DA:115,5
DA:117,5
DA:118,4
DA:119,3
DA:120,5
DA:121,1
LF:52
LH:52
end_of_record
SF:lib/ui/diagnostics.dart
DA:9,0
DA:12,6
DA:14,2
LF:3
LH:2
end_of_record
SF:lib/ui/date_time.dart
DA:22,2
DA:35,2
DA:36,4
DA:37,6
DA:40,2
DA:41,4
DA:42,6
DA:45,2
DA:51,2
DA:53,2
DA:57,6
DA:58,2
DA:61,4
DA:62,2
DA:71,2
DA:74,4
DA:75,4
DA:77,4
DA:78,4
DA:80,2
DA:81,2
DA:83,2
DA:85,2
DA:86,2
DA:87,2
DA:89,2
DA:91,2
DA:93,2
DA:99,2
DA:101,2
DA:110,4
DA:111,2
DA:112,2
DA:113,2
DA:114,2
DA:115,2
DA:116,2
LF:37
LH:37
end_of_record
SF:lib/ui/text_error.dart
DA:10,6
DA:17,7
DA:19,16
DA:20,7
DA:22,3
DA:23,3
DA:26,3
DA:27,3
DA:31,3
LF:9
LH:9
end_of_record
SF:lib/page/navigation/top_item.dart
DA:15,2
DA:25,2
DA:27,2
DA:28,2
DA:29,2
DA:31,2
DA:32,2
DA:33,2
DA:34,2
LF:9
LH:9
end_of_record
SF:lib/page/page.dart
DA:57,2
DA:72,2
DA:74,1
DA:75,1
DA:76,1
DA:77,1
DA:81,1
DA:82,2
DA:83,2
DA:87,4
DA:88,2
DA:89,2
DA:90,2
DA:91,2
DA:94,2
DA:98,1
DA:101,2
DA:102,1
DA:103,1
DA:104,1
DA:105,2
DA:108,2
DA:114,2
DA:115,2
DA:117,2
DA:121,5
DA:122,4
DA:123,1
DA:124,1
DA:125,1
DA:130,2
DA:131,1
DA:132,1
DA:133,2
DA:134,1
DA:139,2
DA:140,2
DA:142,2
DA:143,2
DA:146,2
DA:148,1
LF:41
LH:41
end_of_record
SF:lib/ui/section.dart
DA:17,2
DA:24,2
DA:26,2
DA:28,2
DA:29,2
DA:30,2
DA:32,2
DA:33,2
DA:35,3
DA:37,1
DA:38,1
DA:39,1
DA:41,2
DA:44,2
DA:46,1
DA:47,1
DA:48,1
DA:50,1
DA:52,1
DA:54,1
DA:56,1
DA:57,1
DA:62,2
DA:64,1
DA:78,2
DA:80,3
DA:82,3
DA:86,1
DA:89,0
LF:29
LH:28
end_of_record
SF:lib/ui/switch.dart
DA:13,2
DA:15,2
DA:17,2
DA:18,6
DA:20,3
LF:5
LH:5
end_of_record
SF:lib/l10n/app_localizations_de.dart
DA:9,4
DA:11,1
DA:14,1
DA:17,1
DA:20,1
DA:23,1
DA:26,1
DA:29,1
DA:32,1
DA:35,1
DA:38,1
DA:43,1
DA:46,1
DA:49,1
DA:51,1
DA:54,1
DA:56,1
DA:59,1
DA:61,1
LF:19
LH:19
end_of_record
SF:lib/l10n/app_localizations_en.dart
DA:9,12
DA:11,2
DA:14,2
DA:17,1
DA:20,1
DA:23,1
DA:26,1
DA:29,1
DA:32,1
DA:35,1
DA:38,1
DA:43,1
DA:46,2
DA:49,1
DA:51,1
DA:54,2
DA:56,2
DA:59,1
DA:61,1
LF:19
LH:19
end_of_record
SF:lib/page/navigation/bottom.dart
DA:12,2
DA:21,2
DA:23,2
DA:25,2
DA:26,2
DA:29,2
DA:32,2
DA:34,2
DA:37,2
DA:38,2
DA:39,2
DA:40,2
DA:42,2
DA:44,4
DA:48,2
DA:49,1
DA:50,2
DA:52,2
DA:53,1
DA:54,1
DA:56,1
DA:58,2
DA:68,2
DA:69,2
DA:84,2
DA:85,2
DA:86,2
DA:87,8
DA:88,2
DA:89,6
LF:30
LH:30
end_of_record
SF:lib/page/navigation/bottom_item.dart
DA:15,1
DA:25,2
DA:27,2
DA:28,2
DA:29,2
DA:31,2
DA:32,2
DA:33,2
DA:34,2
LF:9
LH:9
end_of_record
SF:lib/page/navigation/item.dart
DA:15,4
DA:26,2
DA:27,2
DA:28,4
DA:31,1
DA:32,2
DA:33,1
DA:34,3
DA:35,3
DA:40,4
DA:43,13
DA:44,3
DA:46,3
DA:47,1
DA:48,3
DA:49,4
DA:51,14
DA:53,3
DA:54,2
DA:56,8
DA:58,9
DA:59,3
DA:61,6
DA:67,4
DA:68,3
DA:70,4
DA:73,3
DA:74,3
DA:77,4
LF:29
LH:29
end_of_record
SF:lib/page/navigation/top.dart
DA:15,3
DA:24,3
DA:26,9
DA:27,3
DA:28,3
DA:30,6
DA:31,3
DA:32,9
DA:33,2
DA:34,2
DA:37,2
DA:40,8
DA:44,3
DA:47,2
DA:48,4
DA:49,2
DA:50,2
DA:51,2
DA:53,8
DA:58,2
DA:61,3
LF:21
LH:21
end_of_record
SF:lib/ui/confirm.dart
DA:16,1
DA:25,1
DA:34,1
DA:36,1
DA:37,1
DA:40,2
DA:49,1
DA:52,2
DA:61,1
DA:64,1
DA:65,1
DA:68,1
DA:69,1
DA:72,1
DA:73,1
DA:74,2
DA:75,1
DA:77,2
DA:79,1
DA:80,1
DA:81,1
DA:82,2
DA:84,1
DA:86,1
DA:88,1
DA:89,2
DA:91,1
DA:97,1
DA:98,2
DA:99,2
DA:100,1
DA:101,1
DA:102,3
DA:103,1
DA:105,1
DA:106,3
DA:107,1
LF:37
LH:37
end_of_record
SF:lib/ui/date_time/week_day.dart
DA:10,1
DA:14,1
LF:2
LH:2
end_of_record
SF:lib/ui/date_time/time_line.dart
DA:16,1
DA:27,2
DA:28,2
DA:29,2
DA:30,2
DA:31,3
DA:32,2
DA:33,2
DA:62,1
DA:64,2
DA:66,3
DA:68,1
DA:69,1
DA:70,1
DA:71,1
DA:72,1
DA:73,8
DA:74,1
DA:76,2
DA:77,1
DA:78,1
DA:80,1
DA:81,2
DA:82,1
DA:84,1
DA:85,1
DA:86,1
DA:88,1
DA:89,1
DA:90,1
DA:101,1
DA:121,1
DA:123,2
DA:124,1
DA:125,4
DA:127,1
DA:128,2
DA:129,2
DA:130,1
DA:131,3
DA:133,2
DA:138,1
DA:139,1
DA:140,3
DA:141,1
DA:142,1
DA:143,2
DA:144,5
DA:146,1
DA:147,2
DA:148,2
DA:150,1
DA:154,2
DA:155,1
DA:156,3
DA:157,5
DA:158,5
DA:160,1
DA:161,5
DA:162,1
DA:163,3
DA:164,1
DA:165,1
DA:166,1
DA:169,1
DA:171,3
DA:172,3
DA:173,3
DA:174,3
DA:175,3
DA:176,3
DA:177,3
DA:178,3
DA:181,1
DA:182,4
DA:183,2
LF:76
LH:76
end_of_record
SF:lib/ui/dismissible.dart
DA:18,1
DA:27,1
DA:30,1
DA:31,1
DA:32,1
DA:36,2
DA:42,1
DA:43,1
DA:47,1
DA:48,1
DA:49,1
DA:51,1
DA:64,1
DA:73,1
DA:76,3
DA:77,3
DA:79,1
DA:81,1
DA:83,1
DA:85,1
DA:86,2
DA:87,2
DA:88,1
DA:89,1
DA:90,1
LF:25
LH:25
end_of_record
SF:lib/ui/date_time/calendar_ios.dart
DA:15,3
DA:27,3
DA:29,3
DA:33,3
DA:34,3
DA:35,3
DA:38,3
DA:39,3
DA:41,3
DA:42,3
DA:43,2
DA:44,4
DA:45,2
DA:46,2
DA:47,2
DA:48,2
DA:49,4
DA:50,4
DA:57,2
DA:58,1
DA:60,1
DA:61,1
DA:62,1
DA:63,2
DA:64,1
DA:67,2
DA:68,2
DA:69,2
DA:76,2
DA:77,2
DA:79,2
DA:80,1
DA:81,2
DA:82,1
DA:83,2
DA:84,2
DA:85,2
DA:92,2
DA:95,3
LF:39
LH:39
end_of_record
SF:lib/ui/date_time/hour_minute.dart
DA:12,2
DA:20,2
DA:22,4
DA:23,4
DA:25,4
DA:26,2
DA:28,6
DA:30,4
DA:31,8
DA:33,8
DA:34,2
DA:36,2
DA:37,6
DA:38,2
DA:39,1
DA:41,2
DA:48,2
DA:49,2
DA:50,2
DA:53,2
DA:55,2
DA:56,2
DA:57,2
DA:58,2
DA:59,2
DA:60,2
DA:61,2
DA:62,2
DA:63,2
DA:67,1
DA:68,3
DA:70,4
DA:73,2
DA:74,2
DA:75,2
DA:80,1
DA:81,3
DA:83,4
LF:38
LH:38
end_of_record
SF:lib/ui/date_time/month_year.dart
DA:13,2
DA:21,2
DA:23,4
DA:24,2
DA:26,10
DA:29,4
DA:30,4
DA:31,4
DA:32,8
DA:34,6
DA:37,2
DA:39,2
DA:40,2
DA:41,2
DA:42,2
DA:44,2
DA:45,2
DA:46,2
DA:48,2
DA:49,2
DA:50,2
DA:51,4
DA:53,2
DA:54,2
DA:64,2
DA:65,2
DA:66,2
DA:67,2
DA:68,2
DA:69,2
DA:70,2
DA:71,2
DA:76,8
DA:78,8
DA:79,2
DA:82,2
DA:83,2
DA:84,2
DA:85,2
DA:90,1
DA:91,3
DA:93,10
DA:94,2
LF:43
LH:43
end_of_record
SF:lib/platform/localization.dart
DA:7,1
DA:13,1
DA:15,1
DA:19,1
DA:20,1
DA:23,3
DA:25,1
DA:26,1
DA:29,3
DA:33,1
DA:36,1
DA:37,1
LF:12
LH:12
end_of_record
SF:lib/utils/serializer.dart
DA:5,1
DA:10,1
DA:15,1
DA:16,1
DA:19,2
DA:20,1
DA:21,3
DA:23,2
LF:8
LH:8
end_of_record
SF:lib/storage/secure.dart
DA:8,1
DA:10,1
DA:15,1
DA:16,1
DA:18,1
DA:19,3
DA:21,1
DA:22,3
DA:24,1
DA:25,3
LF:10
LH:10
end_of_record
SF:lib/storage/shared.dart
DA:10,1
DA:11,1
DA:17,1
DA:18,1
DA:20,3
DA:22,1
DA:24,1
DA:25,2
DA:28,1
DA:30,1
DA:31,2
DA:34,1
DA:36,1
DA:37,2
LF:14
LH:14
end_of_record
SF:lib/storage/http.dart
DA:8,1
DA:9,1
DA:21,1
DA:28,2
DA:30,2
DA:32,4
DA:33,1
DA:34,3
DA:39,2
DA:41,2
DA:44,1
DA:49,1
DA:52,1
DA:58,1
DA:61,1
DA:62,2
DA:63,1
DA:66,1
DA:67,1
DA:70,1
DA:71,2
DA:78,1
DA:83,2
DA:85,2
DA:87,4
DA:92,1
DA:93,1
DA:94,2
LF:28
LH:28
end_of_record
